app/build/intermediates/manifest_merge_blame_file/debug/manifest-merger-blame-debug-report.txt
1<?xml version="1.0" encoding="utf-8"?>
2<manifest xmlns:android="http://schemas.android.com/apk/res/android"
3    package="com.example.workit"
4    android:versionCode="1"
5    android:versionName="1.0" >
6
7    <uses-sdk
8        android:minSdkVersion="15"
8-->src\main\AndroidManifest.xml
9        android:targetSdkVersion="29" />
9-->src\main\AndroidManifest.xml
10
11    <uses-permission android:name="android.permission.CALL_PHONE" />
11-->src\main\AndroidManifest.xml:5:5-69
11-->src\main\AndroidManifest.xml:5:22-66
12    <uses-permission android:name="android.permission.INTERNET" />
12-->src\main\AndroidManifest.xml:6:5-67
12-->src\main\AndroidManifest.xml:6:22-64
13    <uses-permission android:name="android.permission.CAMERA" />
13-->src\main\AndroidManifest.xml:7:5-65
13-->src\main\AndroidManifest.xml:7:22-62
14    <uses-permission android:name="android.permission.WRITE_EXTERNAL_STORAGE" />
14-->src\main\AndroidManifest.xml:8:5-81
14-->src\main\AndroidManifest.xml:8:22-78
15    <uses-permission android:name="android.permission.READ_EXTERNAL_STORAGE" />
15-->src\main\AndroidManifest.xml:9:5-80
15-->src\main\AndroidManifest.xml:9:22-77
16    <uses-permission android:name="android.permission.ACCESS_FINE_LOCATION" />
16-->src\main\AndroidManifest.xml:10:5-79
16-->src\main\AndroidManifest.xml:10:22-76
17    <uses-permission android:name="android.permission.ACCESS_COARSE_LOCATION" />
17-->src\main\AndroidManifest.xml:11:5-81
17-->src\main\AndroidManifest.xml:11:22-78
18    <uses-permission android:name="android.permission.FOREGROUND_SERVICE" />
18-->[com.mapbox.mapboxsdk:mapbox-android-navigation:0.42.4] AndroidManifest.xml:9:5-77
18-->[com.mapbox.mapboxsdk:mapbox-android-navigation:0.42.4] AndroidManifest.xml:9:22-74
19
20    <uses-feature
20-->[com.mapbox.mapboxsdk:mapbox-android-sdk:8.5.1] AndroidManifest.xml:9:5-11:35
21        android:glEsVersion="0x00020000"
21-->[com.mapbox.mapboxsdk:mapbox-android-sdk:8.5.1] AndroidManifest.xml:10:9-41
22        android:required="true" />
22-->[com.mapbox.mapboxsdk:mapbox-android-sdk:8.5.1] AndroidManifest.xml:11:9-32
23    <uses-feature
23-->[com.mapbox.mapboxsdk:mapbox-android-sdk:8.5.1] AndroidManifest.xml:12:5-14:36
24        android:name="android.hardware.wifi"
24-->[com.mapbox.mapboxsdk:mapbox-android-sdk:8.5.1] AndroidManifest.xml:13:9-45
25        android:required="false" />
25-->[com.mapbox.mapboxsdk:mapbox-android-sdk:8.5.1] AndroidManifest.xml:14:9-33
26
27    <uses-permission android:name="android.permission.ACCESS_NETWORK_STATE" />
27-->[com.mapbox.mapboxsdk:mapbox-android-sdk:8.5.1] AndroidManifest.xml:17:5-79
27-->[com.mapbox.mapboxsdk:mapbox-android-sdk:8.5.1] AndroidManifest.xml:17:22-76
28    <uses-permission android:name="android.permission.ACCESS_WIFI_STATE" /> <!-- Required for CrashReporterJobIntentService on API levels below 25 -->
28-->[com.mapbox.mapboxsdk:mapbox-android-sdk:8.5.1] AndroidManifest.xml:18:5-76
28-->[com.mapbox.mapboxsdk:mapbox-android-sdk:8.5.1] AndroidManifest.xml:18:22-73
29    <uses-permission android:name="android.permission.WAKE_LOCK" />
29-->[com.mapbox.mapboxsdk:mapbox-android-telemetry:4.5.1] AndroidManifest.xml:12:5-68
29-->[com.mapbox.mapboxsdk:mapbox-android-telemetry:4.5.1] AndroidManifest.xml:12:22-65
30
31    <application
31-->src\main\AndroidManifest.xml:13:5-55:19
32        android:allowBackup="true"
32-->src\main\AndroidManifest.xml:14:9-35
33        android:appComponentFactory="androidx.core.app.CoreComponentFactory"
33-->[androidx.core:core:1.1.0] AndroidManifest.xml:24:18-86
34        android:debuggable="true"
35        android:icon="@mipmap/ic_launcher"
35-->src\main\AndroidManifest.xml:15:9-43
36        android:label="@string/app_name"
36-->src\main\AndroidManifest.xml:16:9-41
37        android:networkSecurityConfig="@xml/network_security_config"
37-->src\main\AndroidManifest.xml:17:9-69
38        android:roundIcon="@mipmap/ic_launcher_round"
38-->src\main\AndroidManifest.xml:18:9-54
39        android:supportsRtl="true"
39-->src\main\AndroidManifest.xml:19:9-35
40        android:testOnly="true"
41        android:theme="@style/AppTheme" >
41-->src\main\AndroidManifest.xml:20:9-40
42        <activity
42-->src\main\AndroidManifest.xml:21:9-22:71
43            android:name="com.example.workit.modifierprofile"
43-->src\main\AndroidManifest.xml:21:19-50
44            android:theme="@style/Theme.AppCompat.Light.NoActionBar" />
44-->src\main\AndroidManifest.xml:22:13-69
45        <activity
45-->src\main\AndroidManifest.xml:23:9-25:72
46            android:name="com.example.workit.serviceplace"
46-->src\main\AndroidManifest.xml:24:13-41
47            android:theme="@style/Theme.AppCompat.Light.NoActionBar" />
47-->src\main\AndroidManifest.xml:25:13-69
48        <activity
48-->src\main\AndroidManifest.xml:26:9-28:72
49            android:name="com.example.workit.RequestList"
49-->src\main\AndroidManifest.xml:27:13-40
50            android:theme="@style/Theme.AppCompat.Light.NoActionBar" />
50-->src\main\AndroidManifest.xml:28:13-69
51        <activity android:name="com.example.workit.TestActivity" />
51-->src\main\AndroidManifest.xml:29:9-50
51-->src\main\AndroidManifest.xml:29:19-47
52        <activity
52-->src\main\AndroidManifest.xml:30:9-32:72
53            android:name="com.example.workit.loading"
53-->src\main\AndroidManifest.xml:31:13-36
54            android:theme="@style/Theme.AppCompat.Light.NoActionBar" />
54-->src\main\AndroidManifest.xml:32:13-69
55        <activity
55-->src\main\AndroidManifest.xml:33:9-35:72
56            android:name="com.example.workit.addplacemap"
56-->src\main\AndroidManifest.xml:34:13-40
57            android:theme="@style/Theme.AppCompat.Light.NoActionBar" />
57-->src\main\AndroidManifest.xml:35:13-69
58        <activity
58-->src\main\AndroidManifest.xml:36:9-38:72
59            android:name="com.example.workit.addtask"
59-->src\main\AndroidManifest.xml:37:13-36
60            android:theme="@style/Theme.AppCompat.Light.NoActionBar" />
60-->src\main\AndroidManifest.xml:38:13-69
61        <activity
61-->src\main\AndroidManifest.xml:39:9-41:72
62            android:name="com.example.workit.JobsTabs"
62-->src\main\AndroidManifest.xml:40:13-37
63            android:theme="@style/Theme.AppCompat.Light.NoActionBar" />
63-->src\main\AndroidManifest.xml:41:13-69
64        <activity
64-->src\main\AndroidManifest.xml:42:9-44:72
65            android:name="com.example.workit.SignUp"
65-->src\main\AndroidManifest.xml:43:13-35
66            android:theme="@style/Theme.AppCompat.Light.NoActionBar" />
66-->src\main\AndroidManifest.xml:44:13-69
67        <activity
67-->src\main\AndroidManifest.xml:45:9-47:72
68            android:name="com.example.workit.MainActivity"
68-->src\main\AndroidManifest.xml:46:13-41
69            android:theme="@style/Theme.AppCompat.Light.NoActionBar" />
69-->src\main\AndroidManifest.xml:47:13-69
70        <activity android:name="com.example.workit.IntroActivity" >
70-->src\main\AndroidManifest.xml:48:9-54:20
70-->src\main\AndroidManifest.xml:48:19-48
71            <intent-filter>
71-->src\main\AndroidManifest.xml:49:13-53:29
72                <action android:name="android.intent.action.MAIN" />
72-->src\main\AndroidManifest.xml:50:17-69
72-->src\main\AndroidManifest.xml:50:25-66
73
74                <category android:name="android.intent.category.LAUNCHER" />
74-->src\main\AndroidManifest.xml:52:17-77
74-->src\main\AndroidManifest.xml:52:27-74
75            </intent-filter>
76        </activity>
77        <activity android:name="com.mapbox.services.android.navigation.ui.v5.MapboxNavigationActivity" />
77-->[com.mapbox.mapboxsdk:mapbox-android-navigation-ui:0.42.4] AndroidManifest.xml:10:9-106
77-->[com.mapbox.mapboxsdk:mapbox-android-navigation-ui:0.42.4] AndroidManifest.xml:10:19-103
78
79        <service android:name="com.mapbox.services.android.navigation.v5.navigation.NavigationService" />
79-->[com.mapbox.mapboxsdk:mapbox-android-navigation:0.42.4] AndroidManifest.xml:12:9-106
79-->[com.mapbox.mapboxsdk:mapbox-android-navigation:0.42.4] AndroidManifest.xml:12:18-103
80
81        <provider
81-->[com.squareup.picasso:picasso:2.71828] AndroidManifest.xml:8:9-11:40
82            android:name="com.squareup.picasso.PicassoProvider"
82-->[com.squareup.picasso:picasso:2.71828] AndroidManifest.xml:9:13-64
83            android:authorities="com.example.workit.com.squareup.picasso"
83-->[com.squareup.picasso:picasso:2.71828] AndroidManifest.xml:10:13-72
84            android:exported="false" />
84-->[com.squareup.picasso:picasso:2.71828] AndroidManifest.xml:11:13-37
85        <provider
85-->[com.mapbox.mapboxsdk:mapbox-android-telemetry:4.5.1] AndroidManifest.xml:19:9-23:39
86            android:name="com.mapbox.android.telemetry.provider.MapboxTelemetryInitProvider"
86-->[com.mapbox.mapboxsdk:mapbox-android-telemetry:4.5.1] AndroidManifest.xml:20:13-93
87            android:authorities="com.example.workit.mapboxtelemetryinitprovider"
87-->[com.mapbox.mapboxsdk:mapbox-android-telemetry:4.5.1] AndroidManifest.xml:21:13-79
88            android:exported="false"
88-->[com.mapbox.mapboxsdk:mapbox-android-telemetry:4.5.1] AndroidManifest.xml:22:13-37
89            android:initOrder="100" />
89-->[com.mapbox.mapboxsdk:mapbox-android-telemetry:4.5.1] AndroidManifest.xml:23:13-36
90
91        <service
91-->[com.mapbox.mapboxsdk:mapbox-android-telemetry:4.5.1] AndroidManifest.xml:25:9-27:72
92            android:name="com.mapbox.android.telemetry.crash.CrashReporterJobIntentService"
92-->[com.mapbox.mapboxsdk:mapbox-android-telemetry:4.5.1] AndroidManifest.xml:26:13-92
93            android:permission="android.permission.BIND_JOB_SERVICE" />
93-->[com.mapbox.mapboxsdk:mapbox-android-telemetry:4.5.1] AndroidManifest.xml:27:13-69
94
95        <provider
95-->[androidx.lifecycle:lifecycle-process:2.0.0] AndroidManifest.xml:23:9-27:43
96            android:name="androidx.lifecycle.ProcessLifecycleOwnerInitializer"
96-->[androidx.lifecycle:lifecycle-process:2.0.0] AndroidManifest.xml:24:13-79
97            android:authorities="com.example.workit.lifecycle-process"
97-->[androidx.lifecycle:lifecycle-process:2.0.0] AndroidManifest.xml:25:13-69
98            android:exported="false"
98-->[androidx.lifecycle:lifecycle-process:2.0.0] AndroidManifest.xml:26:13-37
99            android:multiprocess="true" />
99-->[androidx.lifecycle:lifecycle-process:2.0.0] AndroidManifest.xml:27:13-40
100    </application>
101
102</manifest>